<?xml version="1.0" encoding="UTF-8"?>
<!-- Generated by org.testng.reporters.JUnitReportReporter -->
<testsuite hostname="DESKTOP-81HAE9R" failures="0" tests="5" name="com.Ecommerce.Option2.Login" time="13.988" errors="0" timestamp="16 Oct 2021 22:43:19 GMT" skipped="0">
  <testcase classname="com.Ecommerce.Option2.Login" name="openAppilication" time="3.005"/>
  <testcase classname="com.Ecommerce.Option2.Login" name="EnterUsername" time="0.107"/>
  <testcase classname="com.Ecommerce.Option2.Login" name="EnterPassword" time="5.089"/>
  <testcase classname="com.Ecommerce.Option2.Login" name="clickLogin" time="5.127"/>
  <testcase classname="com.Ecommerce.Option2.Login" name="QuitBrowser" time="0.660"/>
</testsuite> <!-- com.Ecommerce.Option2.Login -->
